# JRE version: OpenJDK Runtime Environment Temurin-21.0.8+9 (21.0.8+9) (build 21.0.8+9-LTS)
# Java VM: OpenJDK 64-Bit Server VM Temurin-21.0.8+9 (21.0.8+9-LTS, mixed mode, sharing, tiered, compressed oops, compressed class ptrs, parallel gc, windows-amd64)
GC Precious Log:
 CardTable entry size: 512
 CPUs: 4 total, 4 available
 Memory: 8070M
 Large Page Support: Disabled
 NUMA Support: Disabled
 Compressed Oops: Enabled (32-bit)
 Alignments: Space 512K, Generation 512K, Heap 2M
 Heap Min Capacity: 100M
 Heap Initial Capacity: 100M
 Heap Max Capacity: 2G
 Pre-touch: Disabled
 Parallel Workers: 4
Heap:
 PSYoungGen      total 2560K, used 352K [0x00000000d5580000, 0x00000000d5a80000, 0x0000000100000000)
  eden space 2048K, 0% used [0x00000000d5580000,0x00000000d5580000,0x00000000d5780000)
  from space 512K, 68% used [0x00000000d5980000,0x00000000d59d8000,0x00000000d5a00000)
  to   space 512K, 0% used [0x00000000d5a00000,0x00000000d5a00000,0x00000000d5a80000)
 ParOldGen       total 982528K, used 982470K [0x0000000080000000, 0x00000000bbf80000, 0x00000000d5580000)
  object space 982528K, 99% used [0x0000000080000000,0x00000000bbf71868,0x00000000bbf80000)
 Metaspace       used 80194K, committed 81792K, reserved 1179648K
  class space    used 8321K, committed 9088K, reserved 1048576K
GC Heap History (20 events):
Event: 5650.863 GC heap after
{Heap after GC invocations=1337 (full 3):
 PSYoungGen      total 2560K, used 410K [0x00000000d5580000, 0x00000000d5a80000, 0x0000000100000000)
  eden space 2048K, 0% used [0x00000000d5580000,0x00000000d5580000,0x00000000d5780000)
  from space 512K, 80% used [0x00000000d5a00000,0x00000000d5a66900,0x00000000d5a80000)
  to   space 512K, 0% used [0x00000000d5980000,0x00000000d5980000,0x00000000d5a00000)
 ParOldGen       total 981504K, used 981211K [0x0000000080000000, 0x00000000bbe80000, 0x00000000d5580000)
  object space 981504K, 99% used [0x0000000080000000,0x00000000bbe36fc8,0x00000000bbe80000)
 Metaspace       used 80089K, committed 81728K, reserved 1179648K
  class space    used 8320K, committed 9088K, reserved 1048576K
}
Event: 5651.166 GC heap before
{Heap before GC invocations=1338 (full 3):
 PSYoungGen      total 2560K, used 2458K [0x00000000d5580000, 0x00000000d5a80000, 0x0000000100000000)
  eden space 2048K, 99% used [0x00000000d5580000,0x00000000d577fff8,0x00000000d5780000)
  from space 512K, 80% used [0x00000000d5a00000,0x00000000d5a66900,0x00000000d5a80000)
  to   space 512K, 0% used [0x00000000d5980000,0x00000000d5980000,0x00000000d5a00000)
 ParOldGen       total 981504K, used 981211K [0x0000000080000000, 0x00000000bbe80000, 0x00000000d5580000)
  object space 981504K, 99% used [0x0000000080000000,0x00000000bbe36fc8,0x00000000bbe80000)
 Metaspace       used 80096K, committed 81728K, reserved 1179648K
  class space    used 8320K, committed 9088K, reserved 1048576K
}
Event: 5651.169 GC heap after
{Heap after GC invocations=1338 (full 3):
 PSYoungGen      total 2560K, used 192K [0x00000000d5580000, 0x00000000d5a80000, 0x0000000100000000)
  eden space 2048K, 0% used [0x00000000d5580000,0x00000000d5580000,0x00000000d5780000)
  from space 512K, 37% used [0x00000000d5980000,0x00000000d59b0000,0x00000000d5a00000)
  to   space 512K, 0% used [0x00000000d5a00000,0x00000000d5a00000,0x00000000d5a80000)
 ParOldGen       total 981504K, used 981219K [0x0000000080000000, 0x00000000bbe80000, 0x00000000d5580000)
  object space 981504K, 99% used [0x0000000080000000,0x00000000bbe38fc8,0x00000000bbe80000)
 Metaspace       used 80096K, committed 81728K, reserved 1179648K
  class space    used 8320K, committed 9088K, reserved 1048576K
}
Event: 5651.550 GC heap before
{Heap before GC invocations=1339 (full 3):
 PSYoungGen      total 2560K, used 2239K [0x00000000d5580000, 0x00000000d5a80000, 0x0000000100000000)
  eden space 2048K, 99% used [0x00000000d5580000,0x00000000d577fff8,0x00000000d5780000)
  from space 512K, 37% used [0x00000000d5980000,0x00000000d59b0000,0x00000000d5a00000)
  to   space 512K, 0% used [0x00000000d5a00000,0x00000000d5a00000,0x00000000d5a80000)
 ParOldGen       total 981504K, used 981219K [0x0000000080000000, 0x00000000bbe80000, 0x00000000d5580000)
  object space 981504K, 99% used [0x0000000080000000,0x00000000bbe38fc8,0x00000000bbe80000)
 Metaspace       used 80104K, committed 81728K, reserved 1179648K
  class space    used 8320K, committed 9088K, reserved 1048576K
}
Event: 5651.564 GC heap after
{Heap after GC invocations=1339 (full 3):
 PSYoungGen      total 2560K, used 128K [0x00000000d5580000, 0x00000000d5a80000, 0x0000000100000000)
  eden space 2048K, 0% used [0x00000000d5580000,0x00000000d5580000,0x00000000d5780000)
  from space 512K, 25% used [0x00000000d5a00000,0x00000000d5a20000,0x00000000d5a80000)
  to   space 512K, 0% used [0x00000000d5980000,0x00000000d5980000,0x00000000d5a00000)
 ParOldGen       total 981504K, used 981243K [0x0000000080000000, 0x00000000bbe80000, 0x00000000d5580000)
  object space 981504K, 99% used [0x0000000080000000,0x00000000bbe3efc8,0x00000000bbe80000)
 Metaspace       used 80104K, committed 81728K, reserved 1179648K
  class space    used 8320K, committed 9088K, reserved 1048576K
}
Event: 5653.484 GC heap before
{Heap before GC invocations=1340 (full 3):
 PSYoungGen      total 2560K, used 2175K [0x00000000d5580000, 0x00000000d5a80000, 0x0000000100000000)
  eden space 2048K, 99% used [0x00000000d5580000,0x00000000d577ffe0,0x00000000d5780000)
  from space 512K, 25% used [0x00000000d5a00000,0x00000000d5a20000,0x00000000d5a80000)
  to   space 512K, 0% used [0x00000000d5980000,0x00000000d5980000,0x00000000d5a00000)
 ParOldGen       total 981504K, used 981243K [0x0000000080000000, 0x00000000bbe80000, 0x00000000d5580000)
  object space 981504K, 99% used [0x0000000080000000,0x00000000bbe3efc8,0x00000000bbe80000)
 Metaspace       used 80109K, committed 81728K, reserved 1179648K
  class space    used 8320K, committed 9088K, reserved 1048576K
}
Event: 5653.487 GC heap after
{Heap after GC invocations=1340 (full 3):
 PSYoungGen      total 2560K, used 160K [0x00000000d5580000, 0x00000000d5a80000, 0x0000000100000000)
  eden space 2048K, 0% used [0x00000000d5580000,0x00000000d5580000,0x00000000d5780000)
  from space 512K, 31% used [0x00000000d5980000,0x00000000d59a8000,0x00000000d5a00000)
  to   space 512K, 0% used [0x00000000d5a00000,0x00000000d5a00000,0x00000000d5a80000)
 ParOldGen       total 981504K, used 981267K [0x0000000080000000, 0x00000000bbe80000, 0x00000000d5580000)
  object space 981504K, 99% used [0x0000000080000000,0x00000000bbe44fc8,0x00000000bbe80000)
 Metaspace       used 80109K, committed 81728K, reserved 1179648K
  class space    used 8320K, committed 9088K, reserved 1048576K
}
Event: 5653.612 GC heap before
{Heap before GC invocations=1341 (full 3):
 PSYoungGen      total 2560K, used 2208K [0x00000000d5580000, 0x00000000d5a80000, 0x0000000100000000)
  eden space 2048K, 100% used [0x00000000d5580000,0x00000000d5780000,0x00000000d5780000)
  from space 512K, 31% used [0x00000000d5980000,0x00000000d59a8000,0x00000000d5a00000)
  to   space 512K, 0% used [0x00000000d5a00000,0x00000000d5a00000,0x00000000d5a80000)
 ParOldGen       total 981504K, used 981267K [0x0000000080000000, 0x00000000bbe80000, 0x00000000d5580000)
  object space 981504K, 99% used [0x0000000080000000,0x00000000bbe44fc8,0x00000000bbe80000)
 Metaspace       used 80110K, committed 81728K, reserved 1179648K
  class space    used 8320K, committed 9088K, reserved 1048576K
}
Event: 5653.615 GC heap after
{Heap after GC invocations=1341 (full 3):
 PSYoungGen      total 2560K, used 266K [0x00000000d5580000, 0x00000000d5a80000, 0x0000000100000000)
  eden space 2048K, 0% used [0x00000000d5580000,0x00000000d5580000,0x00000000d5780000)
  from space 512K, 52% used [0x00000000d5a00000,0x00000000d5a42910,0x00000000d5a80000)
  to   space 512K, 0% used [0x00000000d5980000,0x00000000d5980000,0x00000000d5a00000)
 ParOldGen       total 981504K, used 981267K [0x0000000080000000, 0x00000000bbe80000, 0x00000000d5580000)
  object space 981504K, 99% used [0x0000000080000000,0x00000000bbe44fc8,0x00000000bbe80000)
 Metaspace       used 80110K, committed 81728K, reserved 1179648K
  class space    used 8320K, committed 9088K, reserved 1048576K
}
Event: 5653.634 GC heap before
{Heap before GC invocations=1342 (full 3):
 PSYoungGen      total 2560K, used 2248K [0x00000000d5580000, 0x00000000d5a80000, 0x0000000100000000)
  eden space 2048K, 96% used [0x00000000d5580000,0x00000000d576fa40,0x00000000d5780000)
  from space 512K, 52% used [0x00000000d5a00000,0x00000000d5a42910,0x00000000d5a80000)
  to   space 512K, 0% used [0x00000000d5980000,0x00000000d5980000,0x00000000d5a00000)
 ParOldGen       total 981504K, used 981267K [0x0000000080000000, 0x00000000bbe80000, 0x00000000d5580000)
  object space 981504K, 99% used [0x0000000080000000,0x00000000bbe44fc8,0x00000000bbe80000)
 Metaspace       used 80125K, committed 81728K, reserved 1179648K
  class space    used 8321K, committed 9088K, reserved 1048576K
}
Event: 5653.639 GC heap after
{Heap after GC invocations=1342 (full 3):
 PSYoungGen      total 2560K, used 352K [0x00000000d5580000, 0x00000000d5a80000, 0x0000000100000000)
  eden space 2048K, 0% used [0x00000000d5580000,0x00000000d5580000,0x00000000d5780000)
  from space 512K, 68% used [0x00000000d5980000,0x00000000d59d8000,0x00000000d5a00000)
  to   space 512K, 0% used [0x00000000d5a00000,0x00000000d5a00000,0x00000000d5a80000)
 ParOldGen       total 981504K, used 981448K [0x0000000080000000, 0x00000000bbe80000, 0x00000000d5580000)
  object space 981504K, 99% used [0x0000000080000000,0x00000000bbe721d8,0x00000000bbe80000)
 Metaspace       used 80125K, committed 81728K, reserved 1179648K
  class space    used 8321K, committed 9088K, reserved 1048576K
}
Event: 5653.759 GC heap before
{Heap before GC invocations=1343 (full 3):
 PSYoungGen      total 2560K, used 2400K [0x00000000d5580000, 0x00000000d5a80000, 0x0000000100000000)
  eden space 2048K, 100% used [0x00000000d5580000,0x00000000d5780000,0x00000000d5780000)
  from space 512K, 68% used [0x00000000d5980000,0x00000000d59d8000,0x00000000d5a00000)
  to   space 512K, 0% used [0x00000000d5a00000,0x00000000d5a00000,0x00000000d5a80000)
 ParOldGen       total 981504K, used 981448K [0x0000000080000000, 0x00000000bbe80000, 0x00000000d5580000)
  object space 981504K, 99% used [0x0000000080000000,0x00000000bbe721d8,0x00000000bbe80000)
 Metaspace       used 80125K, committed 81728K, reserved 1179648K
  class space    used 8321K, committed 9088K, reserved 1048576K
}
Event: 5653.762 GC heap after
{Heap after GC invocations=1343 (full 3):
 PSYoungGen      total 2560K, used 154K [0x00000000d5580000, 0x00000000d5a80000, 0x0000000100000000)
  eden space 2048K, 0% used [0x00000000d5580000,0x00000000d5580000,0x00000000d5780000)
  from space 512K, 30% used [0x00000000d5a00000,0x00000000d5a26900,0x00000000d5a80000)
  to   space 512K, 0% used [0x00000000d5980000,0x00000000d5980000,0x00000000d5a00000)
 ParOldGen       total 982016K, used 981773K [0x0000000080000000, 0x00000000bbf00000, 0x00000000d5580000)
  object space 982016K, 99% used [0x0000000080000000,0x00000000bbec3458,0x00000000bbf00000)
 Metaspace       used 80125K, committed 81728K, reserved 1179648K
  class space    used 8321K, committed 9088K, reserved 1048576K
}
Event: 5653.771 GC heap before
{Heap before GC invocations=1344 (full 3):
 PSYoungGen      total 2560K, used 2202K [0x00000000d5580000, 0x00000000d5a80000, 0x0000000100000000)
  eden space 2048K, 100% used [0x00000000d5580000,0x00000000d5780000,0x00000000d5780000)
  from space 512K, 30% used [0x00000000d5a00000,0x00000000d5a26900,0x00000000d5a80000)
  to   space 512K, 0% used [0x00000000d5980000,0x00000000d5980000,0x00000000d5a00000)
 ParOldGen       total 982016K, used 981773K [0x0000000080000000, 0x00000000bbf00000, 0x00000000d5580000)
  object space 982016K, 99% used [0x0000000080000000,0x00000000bbec3458,0x00000000bbf00000)
 Metaspace       used 80128K, committed 81728K, reserved 1179648K
  class space    used 8321K, committed 9088K, reserved 1048576K
}
Event: 5653.775 GC heap after
{Heap after GC invocations=1344 (full 3):
 PSYoungGen      total 2560K, used 416K [0x00000000d5580000, 0x00000000d5a80000, 0x0000000100000000)
  eden space 2048K, 0% used [0x00000000d5580000,0x00000000d5580000,0x00000000d5780000)
  from space 512K, 81% used [0x00000000d5980000,0x00000000d59e8000,0x00000000d5a00000)
  to   space 512K, 0% used [0x00000000d5a00000,0x00000000d5a00000,0x00000000d5a80000)
 ParOldGen       total 982016K, used 981873K [0x0000000080000000, 0x00000000bbf00000, 0x00000000d5580000)
  object space 982016K, 99% used [0x0000000080000000,0x00000000bbedc658,0x00000000bbf00000)
 Metaspace       used 80128K, committed 81728K, reserved 1179648K
  class space    used 8321K, committed 9088K, reserved 1048576K
}
Event: 5654.110 GC heap before
{Heap before GC invocations=1345 (full 3):
 PSYoungGen      total 2560K, used 2461K [0x00000000d5580000, 0x00000000d5a80000, 0x0000000100000000)
  eden space 2048K, 99% used [0x00000000d5580000,0x00000000d577f690,0x00000000d5780000)
  from space 512K, 81% used [0x00000000d5980000,0x00000000d59e8000,0x00000000d5a00000)
  to   space 512K, 0% used [0x00000000d5a00000,0x00000000d5a00000,0x00000000d5a80000)
 ParOldGen       total 982016K, used 981873K [0x0000000080000000, 0x00000000bbf00000, 0x00000000d5580000)
  object space 982016K, 99% used [0x0000000080000000,0x00000000bbedc658,0x00000000bbf00000)
 Metaspace       used 80179K, committed 81792K, reserved 1179648K
  class space    used 8321K, committed 9088K, reserved 1048576K
}
Event: 5654.113 GC heap after
{Heap after GC invocations=1345 (full 3):
 PSYoungGen      total 2560K, used 340K [0x00000000d5580000, 0x00000000d5a80000, 0x0000000100000000)
  eden space 2048K, 0% used [0x00000000d5580000,0x00000000d5580000,0x00000000d5780000)
  from space 512K, 66% used [0x00000000d5a00000,0x00000000d5a55200,0x00000000d5a80000)
  to   space 512K, 0% used [0x00000000d5980000,0x00000000d5980000,0x00000000d5a00000)
 ParOldGen       total 982528K, used 982201K [0x0000000080000000, 0x00000000bbf80000, 0x00000000d5580000)
  object space 982528K, 99% used [0x0000000080000000,0x00000000bbf2e668,0x00000000bbf80000)
 Metaspace       used 80179K, committed 81792K, reserved 1179648K
  class space    used 8321K, committed 9088K, reserved 1048576K
}
Event: 5654.119 GC heap before
{Heap before GC invocations=1346 (full 3):
 PSYoungGen      total 2560K, used 1905K [0x00000000d5580000, 0x00000000d5a80000, 0x0000000100000000)
  eden space 2048K, 76% used [0x00000000d5580000,0x00000000d57073b0,0x00000000d5780000)
  from space 512K, 66% used [0x00000000d5a00000,0x00000000d5a55200,0x00000000d5a80000)
  to   space 512K, 0% used [0x00000000d5980000,0x00000000d5980000,0x00000000d5a00000)
 ParOldGen       total 982528K, used 982201K [0x0000000080000000, 0x00000000bbf80000, 0x00000000d5580000)
  object space 982528K, 99% used [0x0000000080000000,0x00000000bbf2e668,0x00000000bbf80000)
 Metaspace       used 80194K, committed 81792K, reserved 1179648K
  class space    used 8321K, committed 9088K, reserved 1048576K
}
Event: 5654.122 GC heap after
{Heap after GC invocations=1346 (full 3):
 PSYoungGen      total 2560K, used 352K [0x00000000d5580000, 0x00000000d5a80000, 0x0000000100000000)
  eden space 2048K, 0% used [0x00000000d5580000,0x00000000d5580000,0x00000000d5780000)
  from space 512K, 68% used [0x00000000d5980000,0x00000000d59d8000,0x00000000d5a00000)
  to   space 512K, 0% used [0x00000000d5a00000,0x00000000d5a00000,0x00000000d5a80000)
 ParOldGen       total 982528K, used 982470K [0x0000000080000000, 0x00000000bbf80000, 0x00000000d5580000)
  object space 982528K, 99% used [0x0000000080000000,0x00000000bbf71868,0x00000000bbf80000)
 Metaspace       used 80194K, committed 81792K, reserved 1179648K
  class space    used 8321K, committed 9088K, reserved 1048576K
}
Event: 5654.122 GC heap before
{Heap before GC invocations=1347 (full 4):
 PSYoungGen      total 2560K, used 352K [0x00000000d5580000, 0x00000000d5a80000, 0x0000000100000000)
  eden space 2048K, 0% used [0x00000000d5580000,0x00000000d5580000,0x00000000d5780000)
  from space 512K, 68% used [0x00000000d5980000,0x00000000d59d8000,0x00000000d5a00000)
  to   space 512K, 0% used [0x00000000d5a00000,0x00000000d5a00000,0x00000000d5a80000)
 ParOldGen       total 982528K, used 982470K [0x0000000080000000, 0x00000000bbf80000, 0x00000000d5580000)
  object space 982528K, 99% used [0x0000000080000000,0x00000000bbf71868,0x00000000bbf80000)
 Metaspace       used 80194K, committed 81792K, reserved 1179648K
  class space    used 8321K, committed 9088K, reserved 1048576K
}

